#-----------------------------------------------------------
# Vivado v2019.1 (64-bit)
# SW Build 2552052 on Fri May 24 14:49:42 MDT 2019
# IP Build 2548770 on Fri May 24 18:01:18 MDT 2019
# Start of session at: Sun Dec 29 20:03:01 2019
# Process ID: 15312
# Current directory: D:/USER/Desktop/Stepper_Motor_Full_Step
# Command line: vivado.exe -gui_launcher_event rodinguilauncherevent19600 D:\USER\Desktop\Stepper_Motor_Full_Step\Stepper_Motor_Full_Step.xpr
# Log file: D:/USER/Desktop/Stepper_Motor_Full_Step/vivado.log
# Journal file: D:/USER/Desktop/Stepper_Motor_Full_Step\vivado.jou
#-----------------------------------------------------------
start_gui
open_project D:/USER/Desktop/Stepper_Motor_Full_Step/Stepper_Motor_Full_Step.xpr
Scanning sources...
Finished scanning sources
INFO: [IP_Flow 19-234] Refreshing IP repositories
INFO: [IP_Flow 19-1704] No user IP repositories specified
INFO: [IP_Flow 19-2313] Loaded Vivado IP repository 'D:/Vivado/2019.1/data/ip'.
open_project: Time (s): cpu = 00:00:16 ; elapsed = 00:00:14 . Memory (MB): peak = 677.051 ; gain = 102.086
update_compile_order -fileset sources_1
update_compile_order -fileset sources_1
update_compile_order -fileset sources_1
reset_run synth_1
launch_runs impl_1 -to_step write_bitstream -jobs 4
[Sun Dec 29 20:07:21 2019] Launched synth_1...
Run output will be captured here: D:/USER/Desktop/Stepper_Motor_Full_Step/Stepper_Motor_Full_Step.runs/synth_1/runme.log
[Sun Dec 29 20:07:21 2019] Launched impl_1...
Run output will be captured here: D:/USER/Desktop/Stepper_Motor_Full_Step/Stepper_Motor_Full_Step.runs/impl_1/runme.log
reset_run impl_1
reset_run synth_1
launch_runs impl_1 -to_step write_bitstream -jobs 4
[Sun Dec 29 20:12:20 2019] Launched synth_1...
Run output will be captured here: D:/USER/Desktop/Stepper_Motor_Full_Step/Stepper_Motor_Full_Step.runs/synth_1/runme.log
[Sun Dec 29 20:12:20 2019] Launched impl_1...
Run output will be captured here: D:/USER/Desktop/Stepper_Motor_Full_Step/Stepper_Motor_Full_Step.runs/impl_1/runme.log
reset_run impl_1 -prev_step 
launch_runs impl_1 -to_step write_bitstream -jobs 4
[Sun Dec 29 20:22:46 2019] Launched impl_1...
Run output will be captured here: D:/USER/Desktop/Stepper_Motor_Full_Step/Stepper_Motor_Full_Step.runs/impl_1/runme.log
reset_run impl_1 -prev_step 
reset_run synth_1
launch_runs synth_1 -jobs 4
[Sun Dec 29 20:24:32 2019] Launched synth_1...
Run output will be captured here: D:/USER/Desktop/Stepper_Motor_Full_Step/Stepper_Motor_Full_Step.runs/synth_1/runme.log
open_run synth_1 -name synth_1
Design is defaulting to impl run constrset: constrs_1
Design is defaulting to synth run part: xc7a35tcpg236-1
INFO: [Device 21-403] Loading part xc7a35tcpg236-1
INFO: [Netlist 29-17] Analyzing 16 Unisim elements for replacement
INFO: [Netlist 29-28] Unisim Transformation completed in 0 CPU seconds
INFO: [Project 1-479] Netlist was created with Vivado 2019.1
INFO: [Project 1-570] Preparing netlist for logic optimization
Parsing XDC File [D:/USER/Desktop/Stepper_Motor_Full_Step/claw_constraints.xdc]
Finished Parsing XDC File [D:/USER/Desktop/Stepper_Motor_Full_Step/claw_constraints.xdc]
INFO: [Opt 31-138] Pushed 0 inverter(s) to 0 load pin(s).
Netlist sorting complete. Time (s): cpu = 00:00:00 ; elapsed = 00:00:00 . Memory (MB): peak = 1019.531 ; gain = 0.000
INFO: [Project 1-111] Unisim Transformation Summary:
No Unisim elements were transformed.

open_run: Time (s): cpu = 00:00:16 ; elapsed = 00:00:19 . Memory (MB): peak = 1156.859 ; gain = 430.504
set_property IOSTANDARD LVCMOS33 [get_ports [list {controll[4]} {controll[3]} {controll[2]} {controll[1]} {controll[0]}]]
place_ports {controll[0]} V17
place_ports {controll[1]} V16
place_ports {controll[2]} W16
place_ports {controll[3]} W17
place_ports {controll[4]} W15
save_constraints
launch_runs impl_1 -to_step write_bitstream -jobs 4
Netlist sorting complete. Time (s): cpu = 00:00:00 ; elapsed = 00:00:00.020 . Memory (MB): peak = 1673.141 ; gain = 0.000
INFO: [Timing 38-480] Writing timing data to binary archive.
Writing placer database...
Writing XDEF routing.
Writing XDEF routing logical nets.
Writing XDEF routing special nets.
Write XDEF Complete: Time (s): cpu = 00:00:00 ; elapsed = 00:00:00.770 . Memory (MB): peak = 1673.688 ; gain = 0.000
[Sun Dec 29 20:28:34 2019] Launched impl_1...
Run output will be captured here: D:/USER/Desktop/Stepper_Motor_Full_Step/Stepper_Motor_Full_Step.runs/impl_1/runme.log
open_hw
connect_hw_server
INFO: [Labtools 27-2285] Connecting to hw_server url TCP:localhost:3121
INFO: [Labtools 27-2222] Launching hw_server...
INFO: [Labtools 27-2221] Launch Output:

****** Xilinx hw_server v2019.1
  **** Build date : May 24 2019 at 15:13:31
    ** Copyright 1986-2019 Xilinx, Inc. All Rights Reserved.


connect_hw_server: Time (s): cpu = 00:00:02 ; elapsed = 00:00:07 . Memory (MB): peak = 1678.781 ; gain = 5.094
open_hw_target
INFO: [Labtoolstcl 44-466] Opening hw_target localhost:3121/xilinx_tcf/Digilent/210183A6F6D2A
open_hw_target: Time (s): cpu = 00:00:06 ; elapsed = 00:00:06 . Memory (MB): peak = 2785.348 ; gain = 1106.566
set_property PROGRAM.FILE {D:/USER/Desktop/Stepper_Motor_Full_Step/Stepper_Motor_Full_Step.runs/impl_1/pmod_step_interface.bit} [get_hw_devices xc7a35t_0]
current_hw_device [get_hw_devices xc7a35t_0]
refresh_hw_device -update_hw_probes false [lindex [get_hw_devices xc7a35t_0] 0]
INFO: [Labtools 27-1435] Device xc7a35t (JTAG device index = 0) is not programmed (DONE status = 0).
set_property PROBES.FILE {} [get_hw_devices xc7a35t_0]
set_property FULL_PROBES.FILE {} [get_hw_devices xc7a35t_0]
set_property PROGRAM.FILE {D:/USER/Desktop/Stepper_Motor_Full_Step/Stepper_Motor_Full_Step.runs/impl_1/pmod_step_interface.bit} [get_hw_devices xc7a35t_0]
program_hw_devices [get_hw_devices xc7a35t_0]
INFO: [Labtools 27-3164] End of startup status: HIGH
refresh_hw_device [lindex [get_hw_devices xc7a35t_0] 0]
INFO: [Labtools 27-1434] Device xc7a35t (JTAG device index = 0) is programmed with a design that has no supported debug core(s) in it.
ERROR: [Labtoolstcl 44-513] HW Target shutdown. Closing target: localhost:3121/xilinx_tcf/Digilent/210183A6F6D2A
INFO: [Labtoolstcl 44-466] Opening hw_target localhost:3121/xilinx_tcf/Digilent/210183A6F6D2A
INFO: [Labtools 27-1435] Device xc7a35t (JTAG device index = 0) is not programmed (DONE status = 0).
WARNING: [Labtoolstcl 44-129] No matching hw_ila_data was found.
set_property PROBES.FILE {} [get_hw_devices xc7a35t_0]
set_property FULL_PROBES.FILE {} [get_hw_devices xc7a35t_0]
set_property PROGRAM.FILE {D:/USER/Desktop/Stepper_Motor_Full_Step/Stepper_Motor_Full_Step.runs/impl_1/pmod_step_interface.bit} [get_hw_devices xc7a35t_0]
program_hw_devices [get_hw_devices xc7a35t_0]
INFO: [Labtools 27-3164] End of startup status: HIGH
refresh_hw_device [lindex [get_hw_devices xc7a35t_0] 0]
INFO: [Labtools 27-1434] Device xc7a35t (JTAG device index = 0) is programmed with a design that has no supported debug core(s) in it.
ERROR: [Labtoolstcl 44-513] HW Target shutdown. Closing target: localhost:3121/xilinx_tcf/Digilent/210183A6F6D2A
reset_run synth_1
launch_runs impl_1 -to_step write_bitstream -jobs 4
WARNING: [Project 1-478] Design 'synth_1' is stale and will not be used when launching 'impl_1'
[Sun Dec 29 20:34:09 2019] Launched synth_1...
Run output will be captured here: D:/USER/Desktop/Stepper_Motor_Full_Step/Stepper_Motor_Full_Step.runs/synth_1/runme.log
[Sun Dec 29 20:34:09 2019] Launched impl_1...
Run output will be captured here: D:/USER/Desktop/Stepper_Motor_Full_Step/Stepper_Motor_Full_Step.runs/impl_1/runme.log
disconnect_hw_server localhost:3121
connect_hw_server
INFO: [Labtools 27-2285] Connecting to hw_server url TCP:localhost:3121
ERROR: [Labtoolstcl 44-494] There is no active target available for server at localhost.
 Targets(s) ", jsn-Basys3-210183A6F6D2A" may be locked by another hw_server.
disconnect_hw_server localhost:3121
connect_hw_server
INFO: [Labtools 27-2285] Connecting to hw_server url TCP:localhost:3121
open_hw_target
INFO: [Labtoolstcl 44-466] Opening hw_target localhost:3121/xilinx_tcf/Digilent/210183A6F6D2A
set_property PROGRAM.FILE {D:/USER/Desktop/Stepper_Motor_Full_Step/Stepper_Motor_Full_Step.runs/impl_1/pmod_step_interface.bit} [get_hw_devices xc7a35t_0]
current_hw_device [get_hw_devices xc7a35t_0]
refresh_hw_device -update_hw_probes false [lindex [get_hw_devices xc7a35t_0] 0]
INFO: [Labtools 27-1435] Device xc7a35t (JTAG device index = 0) is not programmed (DONE status = 0).
set_property PROBES.FILE {} [get_hw_devices xc7a35t_0]
set_property FULL_PROBES.FILE {} [get_hw_devices xc7a35t_0]
set_property PROGRAM.FILE {D:/USER/Desktop/Stepper_Motor_Full_Step/Stepper_Motor_Full_Step.runs/impl_1/pmod_step_interface.bit} [get_hw_devices xc7a35t_0]
program_hw_devices [get_hw_devices xc7a35t_0]
INFO: [Labtools 27-3164] End of startup status: HIGH
refresh_hw_device [lindex [get_hw_devices xc7a35t_0] 0]
INFO: [Labtools 27-1434] Device xc7a35t (JTAG device index = 0) is programmed with a design that has no supported debug core(s) in it.
ERROR: [Labtoolstcl 44-513] HW Target shutdown. Closing target: localhost:3121/xilinx_tcf/Digilent/210183A6F6D2A
reset_run synth_1
launch_runs impl_1 -to_step write_bitstream -jobs 4
WARNING: [Project 1-478] Design 'synth_1' is stale and will not be used when launching 'impl_1'
[Sun Dec 29 20:38:35 2019] Launched synth_1...
Run output will be captured here: D:/USER/Desktop/Stepper_Motor_Full_Step/Stepper_Motor_Full_Step.runs/synth_1/runme.log
[Sun Dec 29 20:38:35 2019] Launched impl_1...
Run output will be captured here: D:/USER/Desktop/Stepper_Motor_Full_Step/Stepper_Motor_Full_Step.runs/impl_1/runme.log
disconnect_hw_server localhost:3121
connect_hw_server
INFO: [Labtools 27-2285] Connecting to hw_server url TCP:localhost:3121
ERROR: [Labtoolstcl 44-494] There is no active target available for server at localhost.
 Targets(s) ", jsn-Basys3-210183A6F6D2A" may be locked by another hw_server.
disconnect_hw_server localhost:3121
connect_hw_server
INFO: [Labtools 27-2285] Connecting to hw_server url TCP:localhost:3121
open_hw_target
INFO: [Labtoolstcl 44-466] Opening hw_target localhost:3121/xilinx_tcf/Digilent/210183A6F6D2A
set_property PROGRAM.FILE {D:/USER/Desktop/Stepper_Motor_Full_Step/Stepper_Motor_Full_Step.runs/impl_1/pmod_step_interface.bit} [get_hw_devices xc7a35t_0]
current_hw_device [get_hw_devices xc7a35t_0]
refresh_hw_device -update_hw_probes false [lindex [get_hw_devices xc7a35t_0] 0]
INFO: [Labtools 27-1435] Device xc7a35t (JTAG device index = 0) is not programmed (DONE status = 0).
set_property PROBES.FILE {} [get_hw_devices xc7a35t_0]
set_property FULL_PROBES.FILE {} [get_hw_devices xc7a35t_0]
set_property PROGRAM.FILE {D:/USER/Desktop/Stepper_Motor_Full_Step/Stepper_Motor_Full_Step.runs/impl_1/pmod_step_interface.bit} [get_hw_devices xc7a35t_0]
program_hw_devices [get_hw_devices xc7a35t_0]
INFO: [Labtools 27-3164] End of startup status: HIGH
refresh_hw_device [lindex [get_hw_devices xc7a35t_0] 0]
INFO: [Labtools 27-1434] Device xc7a35t (JTAG device index = 0) is programmed with a design that has no supported debug core(s) in it.
set_property PROBES.FILE {} [get_hw_devices xc7a35t_0]
set_property FULL_PROBES.FILE {} [get_hw_devices xc7a35t_0]
set_property PROGRAM.FILE {D:/USER/Desktop/Stepper_Motor_Full_Step/Stepper_Motor_Full_Step.runs/impl_1/pmod_step_interface.bit} [get_hw_devices xc7a35t_0]
program_hw_devices [get_hw_devices xc7a35t_0]
INFO: [Labtools 27-3164] End of startup status: HIGH
refresh_hw_device [lindex [get_hw_devices xc7a35t_0] 0]
INFO: [Labtools 27-1434] Device xc7a35t (JTAG device index = 0) is programmed with a design that has no supported debug core(s) in it.
ERROR: [Labtoolstcl 44-513] HW Target shutdown. Closing target: localhost:3121/xilinx_tcf/Digilent/210183A6F6D2A
reset_run synth_1
launch_runs impl_1 -to_step write_bitstream -jobs 4
WARNING: [Project 1-478] Design 'synth_1' is stale and will not be used when launching 'impl_1'
[Sun Dec 29 20:43:21 2019] Launched synth_1...
Run output will be captured here: D:/USER/Desktop/Stepper_Motor_Full_Step/Stepper_Motor_Full_Step.runs/synth_1/runme.log
[Sun Dec 29 20:43:21 2019] Launched impl_1...
Run output will be captured here: D:/USER/Desktop/Stepper_Motor_Full_Step/Stepper_Motor_Full_Step.runs/impl_1/runme.log
close_hw
reset_run impl_1 -prev_step 
launch_runs impl_1 -to_step write_bitstream -jobs 4
WARNING: [Vivado 12-872] Run step 'Design Initialization' is out-of-date.
[Sun Dec 29 20:47:27 2019] Launched impl_1...
Run output will be captured here: D:/USER/Desktop/Stepper_Motor_Full_Step/Stepper_Motor_Full_Step.runs/impl_1/runme.log
reset_run impl_1 -prev_step 
WARNING: [Vivado 12-1017] Problems encountered:
1. PID not specified

reset_run synth_1
launch_runs impl_1 -to_step write_bitstream -jobs 4
WARNING: [Project 1-478] Design 'synth_1' is stale and will not be used when launching 'impl_1'
[Sun Dec 29 20:48:55 2019] Launched synth_1...
Run output will be captured here: D:/USER/Desktop/Stepper_Motor_Full_Step/Stepper_Motor_Full_Step.runs/synth_1/runme.log
[Sun Dec 29 20:48:55 2019] Launched impl_1...
Run output will be captured here: D:/USER/Desktop/Stepper_Motor_Full_Step/Stepper_Motor_Full_Step.runs/impl_1/runme.log
close_design
open_hw
connect_hw_server
INFO: [Labtools 27-2285] Connecting to hw_server url TCP:localhost:3121
INFO: [Labtools 27-2222] Launching hw_server...
INFO: [Labtools 27-2221] Launch Output:

****** Xilinx hw_server v2019.1
  **** Build date : May 24 2019 at 15:13:31
    ** Copyright 1986-2019 Xilinx, Inc. All Rights Reserved.


connect_hw_server: Time (s): cpu = 00:00:00 ; elapsed = 00:00:07 . Memory (MB): peak = 2983.941 ; gain = 0.000
open_hw_target
INFO: [Labtoolstcl 44-466] Opening hw_target localhost:3121/xilinx_tcf/Digilent/210183A6F6D2A
set_property PROGRAM.FILE {D:/USER/Desktop/Stepper_Motor_Full_Step/Stepper_Motor_Full_Step.runs/impl_1/pmod_step_interface.bit} [get_hw_devices xc7a35t_0]
current_hw_device [get_hw_devices xc7a35t_0]
refresh_hw_device -update_hw_probes false [lindex [get_hw_devices xc7a35t_0] 0]
INFO: [Labtools 27-1435] Device xc7a35t (JTAG device index = 0) is not programmed (DONE status = 0).
set_property PROBES.FILE {} [get_hw_devices xc7a35t_0]
set_property FULL_PROBES.FILE {} [get_hw_devices xc7a35t_0]
set_property PROGRAM.FILE {D:/USER/Desktop/Stepper_Motor_Full_Step/Stepper_Motor_Full_Step.runs/impl_1/pmod_step_interface.bit} [get_hw_devices xc7a35t_0]
program_hw_devices [get_hw_devices xc7a35t_0]
INFO: [Labtools 27-3164] End of startup status: HIGH
refresh_hw_device [lindex [get_hw_devices xc7a35t_0] 0]
INFO: [Labtools 27-1434] Device xc7a35t (JTAG device index = 0) is programmed with a design that has no supported debug core(s) in it.
reset_run synth_1
launch_runs impl_1 -to_step write_bitstream -jobs 4
[Sun Dec 29 20:57:30 2019] Launched synth_1...
Run output will be captured here: D:/USER/Desktop/Stepper_Motor_Full_Step/Stepper_Motor_Full_Step.runs/synth_1/runme.log
[Sun Dec 29 20:57:30 2019] Launched impl_1...
Run output will be captured here: D:/USER/Desktop/Stepper_Motor_Full_Step/Stepper_Motor_Full_Step.runs/impl_1/runme.log
set_property PROBES.FILE {} [get_hw_devices xc7a35t_0]
set_property FULL_PROBES.FILE {} [get_hw_devices xc7a35t_0]
set_property PROGRAM.FILE {D:/USER/Desktop/Stepper_Motor_Full_Step/Stepper_Motor_Full_Step.runs/impl_1/pmod_step_interface.bit} [get_hw_devices xc7a35t_0]
program_hw_devices [get_hw_devices xc7a35t_0]
INFO: [Labtools 27-3164] End of startup status: HIGH
refresh_hw_device [lindex [get_hw_devices xc7a35t_0] 0]
INFO: [Labtools 27-1434] Device xc7a35t (JTAG device index = 0) is programmed with a design that has no supported debug core(s) in it.
reset_run synth_1
launch_runs impl_1 -to_step write_bitstream -jobs 4
[Sun Dec 29 21:08:17 2019] Launched synth_1...
Run output will be captured here: D:/USER/Desktop/Stepper_Motor_Full_Step/Stepper_Motor_Full_Step.runs/synth_1/runme.log
[Sun Dec 29 21:08:17 2019] Launched impl_1...
Run output will be captured here: D:/USER/Desktop/Stepper_Motor_Full_Step/Stepper_Motor_Full_Step.runs/impl_1/runme.log
set_property PROBES.FILE {} [get_hw_devices xc7a35t_0]
set_property FULL_PROBES.FILE {} [get_hw_devices xc7a35t_0]
set_property PROGRAM.FILE {D:/USER/Desktop/Stepper_Motor_Full_Step/Stepper_Motor_Full_Step.runs/impl_1/pmod_step_interface.bit} [get_hw_devices xc7a35t_0]
program_hw_devices [get_hw_devices xc7a35t_0]
INFO: [Labtools 27-3164] End of startup status: HIGH
refresh_hw_device [lindex [get_hw_devices xc7a35t_0] 0]
INFO: [Labtools 27-1434] Device xc7a35t (JTAG device index = 0) is programmed with a design that has no supported debug core(s) in it.
reset_run synth_1
launch_runs impl_1 -to_step write_bitstream -jobs 4
[Sun Dec 29 21:45:59 2019] Launched synth_1...
Run output will be captured here: D:/USER/Desktop/Stepper_Motor_Full_Step/Stepper_Motor_Full_Step.runs/synth_1/runme.log
[Sun Dec 29 21:45:59 2019] Launched impl_1...
Run output will be captured here: D:/USER/Desktop/Stepper_Motor_Full_Step/Stepper_Motor_Full_Step.runs/impl_1/runme.log
set_property PROBES.FILE {} [get_hw_devices xc7a35t_0]
set_property FULL_PROBES.FILE {} [get_hw_devices xc7a35t_0]
set_property PROGRAM.FILE {D:/USER/Desktop/Stepper_Motor_Full_Step/Stepper_Motor_Full_Step.runs/impl_1/pmod_step_interface.bit} [get_hw_devices xc7a35t_0]
program_hw_devices [get_hw_devices xc7a35t_0]
INFO: [Labtools 27-3164] End of startup status: HIGH
refresh_hw_device [lindex [get_hw_devices xc7a35t_0] 0]
INFO: [Labtools 27-1434] Device xc7a35t (JTAG device index = 0) is programmed with a design that has no supported debug core(s) in it.
ERROR: [Labtoolstcl 44-513] HW Target shutdown. Closing target: localhost:3121/xilinx_tcf/Digilent/210183A6F6D2A
exit
INFO: [Common 17-206] Exiting Vivado at Sun Dec 29 22:36:40 2019...
